# JRE version: OpenJDK Runtime Environment Temurin-21.0.9+10 (21.0.9+10) (build 21.0.9+10-LTS)
# Java VM: OpenJDK 64-Bit Server VM Temurin-21.0.9+10 (21.0.9+10-LTS, mixed mode, sharing, tiered, compressed oops, compressed class ptrs, parallel gc, windows-amd64)
GC Precious Log:
 CardTable entry size: 512
 CPUs: 12 total, 12 available
 Memory: 32619M
 Large Page Support: Disabled
 NUMA Support: Disabled
 Compressed Oops: Enabled (32-bit)
 Alignments: Space 512K, Generation 512K, Heap 2M
 Heap Min Capacity: 100M
 Heap Initial Capacity: 100M
 Heap Max Capacity: 2G
 Pre-touch: Disabled
 Parallel Workers: 10
Heap:
 PSYoungGen      total 7168K, used 2180K [0x00000000d5580000, 0x00000000d5e80000, 0x0000000100000000)
  eden space 6144K, 18% used [0x00000000d5580000,0x00000000d56a10f8,0x00000000d5b80000)
  from space 1024K, 100% used [0x00000000d5d00000,0x00000000d5e00000,0x00000000d5e00000)
  to   space 1536K, 0% used [0x00000000d5b80000,0x00000000d5b80000,0x00000000d5d00000)
 ParOldGen       total 351744K, used 229780K [0x0000000080000000, 0x0000000095780000, 0x00000000d5580000)
  object space 351744K, 65% used [0x0000000080000000,0x000000008e065010,0x0000000095780000)
 Metaspace       used 86807K, committed 88576K, reserved 1179648K
  class space    used 10032K, committed 10816K, reserved 1048576K
GC Heap History (20 events):
Event: 98.350 GC heap before
{Heap before GC invocations=505 (full 4):
 PSYoungGen      total 6656K, used 6492K [0x00000000d5580000, 0x00000000d5d80000, 0x0000000100000000)
  eden space 6144K, 100% used [0x00000000d5580000,0x00000000d5b80000,0x00000000d5b80000)
  from space 512K, 68% used [0x00000000d5d00000,0x00000000d5d57360,0x00000000d5d80000)
  to   space 1024K, 0% used [0x00000000d5b80000,0x00000000d5b80000,0x00000000d5c80000)
 ParOldGen       total 351744K, used 225959K [0x0000000080000000, 0x0000000095780000, 0x00000000d5580000)
  object space 351744K, 64% used [0x0000000080000000,0x000000008dca9eb0,0x0000000095780000)
 Metaspace       used 86451K, committed 88256K, reserved 1179648K
  class space    used 10010K, committed 10816K, reserved 1048576K
}
Event: 98.351 GC heap after
{Heap after GC invocations=505 (full 4):
 PSYoungGen      total 7168K, used 291K [0x00000000d5580000, 0x00000000d5d80000, 0x0000000100000000)
  eden space 6144K, 0% used [0x00000000d5580000,0x00000000d5580000,0x00000000d5b80000)
  from space 1024K, 28% used [0x00000000d5b80000,0x00000000d5bc8c20,0x00000000d5c80000)
  to   space 512K, 0% used [0x00000000d5d00000,0x00000000d5d00000,0x00000000d5d80000)
 ParOldGen       total 351744K, used 226039K [0x0000000080000000, 0x0000000095780000, 0x00000000d5580000)
  object space 351744K, 64% used [0x0000000080000000,0x000000008dcbdeb0,0x0000000095780000)
 Metaspace       used 86451K, committed 88256K, reserved 1179648K
  class space    used 10010K, committed 10816K, reserved 1048576K
}
Event: 98.393 GC heap before
{Heap before GC invocations=506 (full 4):
 PSYoungGen      total 7168K, used 6435K [0x00000000d5580000, 0x00000000d5d80000, 0x0000000100000000)
  eden space 6144K, 100% used [0x00000000d5580000,0x00000000d5b80000,0x00000000d5b80000)
  from space 1024K, 28% used [0x00000000d5b80000,0x00000000d5bc8c20,0x00000000d5c80000)
  to   space 512K, 0% used [0x00000000d5d00000,0x00000000d5d00000,0x00000000d5d80000)
 ParOldGen       total 351744K, used 226039K [0x0000000080000000, 0x0000000095780000, 0x00000000d5580000)
  object space 351744K, 64% used [0x0000000080000000,0x000000008dcbdeb0,0x0000000095780000)
 Metaspace       used 86483K, committed 88256K, reserved 1179648K
  class space    used 10010K, committed 10816K, reserved 1048576K
}
Event: 98.394 GC heap after
{Heap after GC invocations=506 (full 4):
 PSYoungGen      total 6656K, used 487K [0x00000000d5580000, 0x00000000d5d80000, 0x0000000100000000)
  eden space 6144K, 0% used [0x00000000d5580000,0x00000000d5580000,0x00000000d5b80000)
  from space 512K, 95% used [0x00000000d5d00000,0x00000000d5d79df8,0x00000000d5d80000)
  to   space 1024K, 0% used [0x00000000d5b80000,0x00000000d5b80000,0x00000000d5c80000)
 ParOldGen       total 351744K, used 226220K [0x0000000080000000, 0x0000000095780000, 0x00000000d5580000)
  object space 351744K, 64% used [0x0000000080000000,0x000000008dceb0e0,0x0000000095780000)
 Metaspace       used 86483K, committed 88256K, reserved 1179648K
  class space    used 10010K, committed 10816K, reserved 1048576K
}
Event: 98.408 GC heap before
{Heap before GC invocations=507 (full 4):
 PSYoungGen      total 6656K, used 6631K [0x00000000d5580000, 0x00000000d5d80000, 0x0000000100000000)
  eden space 6144K, 99% used [0x00000000d5580000,0x00000000d5b7ffe8,0x00000000d5b80000)
  from space 512K, 95% used [0x00000000d5d00000,0x00000000d5d79df8,0x00000000d5d80000)
  to   space 1024K, 0% used [0x00000000d5b80000,0x00000000d5b80000,0x00000000d5c80000)
 ParOldGen       total 351744K, used 226220K [0x0000000080000000, 0x0000000095780000, 0x00000000d5580000)
  object space 351744K, 64% used [0x0000000080000000,0x000000008dceb0e0,0x0000000095780000)
 Metaspace       used 86485K, committed 88256K, reserved 1179648K
  class space    used 10010K, committed 10816K, reserved 1048576K
}
Event: 98.409 GC heap after
{Heap after GC invocations=507 (full 4):
 PSYoungGen      total 7168K, used 396K [0x00000000d5580000, 0x00000000d5d80000, 0x0000000100000000)
  eden space 6144K, 0% used [0x00000000d5580000,0x00000000d5580000,0x00000000d5b80000)
  from space 1024K, 38% used [0x00000000d5b80000,0x00000000d5be3018,0x00000000d5c80000)
  to   space 512K, 0% used [0x00000000d5d00000,0x00000000d5d00000,0x00000000d5d80000)
 ParOldGen       total 351744K, used 226642K [0x0000000080000000, 0x0000000095780000, 0x00000000d5580000)
  object space 351744K, 64% used [0x0000000080000000,0x000000008dd54980,0x0000000095780000)
 Metaspace       used 86485K, committed 88256K, reserved 1179648K
  class space    used 10010K, committed 10816K, reserved 1048576K
}
Event: 98.421 GC heap before
{Heap before GC invocations=508 (full 4):
 PSYoungGen      total 7168K, used 6540K [0x00000000d5580000, 0x00000000d5d80000, 0x0000000100000000)
  eden space 6144K, 100% used [0x00000000d5580000,0x00000000d5b80000,0x00000000d5b80000)
  from space 1024K, 38% used [0x00000000d5b80000,0x00000000d5be3018,0x00000000d5c80000)
  to   space 512K, 0% used [0x00000000d5d00000,0x00000000d5d00000,0x00000000d5d80000)
 ParOldGen       total 351744K, used 226642K [0x0000000080000000, 0x0000000095780000, 0x00000000d5580000)
  object space 351744K, 64% used [0x0000000080000000,0x000000008dd54980,0x0000000095780000)
 Metaspace       used 86492K, committed 88256K, reserved 1179648K
  class space    used 10010K, committed 10816K, reserved 1048576K
}
Event: 98.422 GC heap after
{Heap after GC invocations=508 (full 4):
 PSYoungGen      total 6656K, used 337K [0x00000000d5580000, 0x00000000d5d80000, 0x0000000100000000)
  eden space 6144K, 0% used [0x00000000d5580000,0x00000000d5580000,0x00000000d5b80000)
  from space 512K, 65% used [0x00000000d5d00000,0x00000000d5d545c8,0x00000000d5d80000)
  to   space 512K, 0% used [0x00000000d5c80000,0x00000000d5c80000,0x00000000d5d00000)
 ParOldGen       total 351744K, used 226819K [0x0000000080000000, 0x0000000095780000, 0x00000000d5580000)
  object space 351744K, 64% used [0x0000000080000000,0x000000008dd80c60,0x0000000095780000)
 Metaspace       used 86492K, committed 88256K, reserved 1179648K
  class space    used 10010K, committed 10816K, reserved 1048576K
}
Event: 98.456 GC heap before
{Heap before GC invocations=509 (full 4):
 PSYoungGen      total 6656K, used 6481K [0x00000000d5580000, 0x00000000d5d80000, 0x0000000100000000)
  eden space 6144K, 100% used [0x00000000d5580000,0x00000000d5b80000,0x00000000d5b80000)
  from space 512K, 65% used [0x00000000d5d00000,0x00000000d5d545c8,0x00000000d5d80000)
  to   space 512K, 0% used [0x00000000d5c80000,0x00000000d5c80000,0x00000000d5d00000)
 ParOldGen       total 351744K, used 226819K [0x0000000080000000, 0x0000000095780000, 0x00000000d5580000)
  object space 351744K, 64% used [0x0000000080000000,0x000000008dd80c60,0x0000000095780000)
 Metaspace       used 86501K, committed 88256K, reserved 1179648K
  class space    used 10010K, committed 10816K, reserved 1048576K
}
Event: 98.460 GC heap after
{Heap after GC invocations=509 (full 4):
 PSYoungGen      total 6656K, used 278K [0x00000000d5580000, 0x00000000d5d80000, 0x0000000100000000)
  eden space 6144K, 0% used [0x00000000d5580000,0x00000000d5580000,0x00000000d5b80000)
  from space 512K, 54% used [0x00000000d5c80000,0x00000000d5cc5940,0x00000000d5d00000)
  to   space 512K, 0% used [0x00000000d5d00000,0x00000000d5d00000,0x00000000d5d80000)
 ParOldGen       total 351744K, used 226899K [0x0000000080000000, 0x0000000095780000, 0x00000000d5580000)
  object space 351744K, 64% used [0x0000000080000000,0x000000008dd94c60,0x0000000095780000)
 Metaspace       used 86501K, committed 88256K, reserved 1179648K
  class space    used 10010K, committed 10816K, reserved 1048576K
}
Event: 98.555 GC heap before
{Heap before GC invocations=510 (full 4):
 PSYoungGen      total 6656K, used 6422K [0x00000000d5580000, 0x00000000d5d80000, 0x0000000100000000)
  eden space 6144K, 100% used [0x00000000d5580000,0x00000000d5b80000,0x00000000d5b80000)
  from space 512K, 54% used [0x00000000d5c80000,0x00000000d5cc5940,0x00000000d5d00000)
  to   space 512K, 0% used [0x00000000d5d00000,0x00000000d5d00000,0x00000000d5d80000)
 ParOldGen       total 351744K, used 226899K [0x0000000080000000, 0x0000000095780000, 0x00000000d5580000)
  object space 351744K, 64% used [0x0000000080000000,0x000000008dd94c60,0x0000000095780000)
 Metaspace       used 86538K, committed 88320K, reserved 1179648K
  class space    used 10013K, committed 10816K, reserved 1048576K
}
Event: 98.559 GC heap after
{Heap after GC invocations=510 (full 4):
 PSYoungGen      total 6656K, used 480K [0x00000000d5580000, 0x00000000d5d80000, 0x0000000100000000)
  eden space 6144K, 0% used [0x00000000d5580000,0x00000000d5580000,0x00000000d5b80000)
  from space 512K, 93% used [0x00000000d5d00000,0x00000000d5d78020,0x00000000d5d80000)
  to   space 1024K, 0% used [0x00000000d5b80000,0x00000000d5b80000,0x00000000d5c80000)
 ParOldGen       total 351744K, used 227303K [0x0000000080000000, 0x0000000095780000, 0x00000000d5580000)
  object space 351744K, 64% used [0x0000000080000000,0x000000008ddf9c70,0x0000000095780000)
 Metaspace       used 86538K, committed 88320K, reserved 1179648K
  class space    used 10013K, committed 10816K, reserved 1048576K
}
Event: 98.789 GC heap before
{Heap before GC invocations=511 (full 4):
 PSYoungGen      total 6656K, used 6621K [0x00000000d5580000, 0x00000000d5d80000, 0x0000000100000000)
  eden space 6144K, 99% used [0x00000000d5580000,0x00000000d5b7f7a8,0x00000000d5b80000)
  from space 512K, 93% used [0x00000000d5d00000,0x00000000d5d78020,0x00000000d5d80000)
  to   space 1024K, 0% used [0x00000000d5b80000,0x00000000d5b80000,0x00000000d5c80000)
 ParOldGen       total 351744K, used 227303K [0x0000000080000000, 0x0000000095780000, 0x00000000d5580000)
  object space 351744K, 64% used [0x0000000080000000,0x000000008ddf9c70,0x0000000095780000)
 Metaspace       used 86610K, committed 88384K, reserved 1179648K
  class space    used 10022K, committed 10816K, reserved 1048576K
}
Event: 98.793 GC heap after
{Heap after GC invocations=511 (full 4):
 PSYoungGen      total 7168K, used 1024K [0x00000000d5580000, 0x00000000d5f80000, 0x0000000100000000)
  eden space 6144K, 0% used [0x00000000d5580000,0x00000000d5580000,0x00000000d5b80000)
  from space 1024K, 100% used [0x00000000d5b80000,0x00000000d5c80000,0x00000000d5c80000)
  to   space 2048K, 0% used [0x00000000d5d80000,0x00000000d5d80000,0x00000000d5f80000)
 ParOldGen       total 351744K, used 227823K [0x0000000080000000, 0x0000000095780000, 0x00000000d5580000)
  object space 351744K, 64% used [0x0000000080000000,0x000000008de7bc90,0x0000000095780000)
 Metaspace       used 86610K, committed 88384K, reserved 1179648K
  class space    used 10022K, committed 10816K, reserved 1048576K
}
Event: 99.022 GC heap before
{Heap before GC invocations=512 (full 4):
 PSYoungGen      total 7168K, used 7168K [0x00000000d5580000, 0x00000000d5f80000, 0x0000000100000000)
  eden space 6144K, 100% used [0x00000000d5580000,0x00000000d5b80000,0x00000000d5b80000)
  from space 1024K, 100% used [0x00000000d5b80000,0x00000000d5c80000,0x00000000d5c80000)
  to   space 2048K, 0% used [0x00000000d5d80000,0x00000000d5d80000,0x00000000d5f80000)
 ParOldGen       total 351744K, used 227823K [0x0000000080000000, 0x0000000095780000, 0x00000000d5580000)
  object space 351744K, 64% used [0x0000000080000000,0x000000008de7bc90,0x0000000095780000)
 Metaspace       used 86759K, committed 88512K, reserved 1179648K
  class space    used 10030K, committed 10816K, reserved 1048576K
}
Event: 99.039 GC heap after
{Heap after GC invocations=512 (full 4):
 PSYoungGen      total 7680K, used 1152K [0x00000000d5580000, 0x00000000d5f00000, 0x0000000100000000)
  eden space 6144K, 0% used [0x00000000d5580000,0x00000000d5580000,0x00000000d5b80000)
  from space 1536K, 75% used [0x00000000d5d80000,0x00000000d5ea0000,0x00000000d5f00000)
  to   space 1536K, 0% used [0x00000000d5c00000,0x00000000d5c00000,0x00000000d5d80000)
 ParOldGen       total 351744K, used 228796K [0x0000000080000000, 0x0000000095780000, 0x00000000d5580000)
  object space 351744K, 65% used [0x0000000080000000,0x000000008df6f248,0x0000000095780000)
 Metaspace       used 86759K, committed 88512K, reserved 1179648K
  class space    used 10030K, committed 10816K, reserved 1048576K
}
Event: 99.109 GC heap before
{Heap before GC invocations=513 (full 4):
 PSYoungGen      total 7680K, used 7296K [0x00000000d5580000, 0x00000000d5f00000, 0x0000000100000000)
  eden space 6144K, 100% used [0x00000000d5580000,0x00000000d5b80000,0x00000000d5b80000)
  from space 1536K, 75% used [0x00000000d5d80000,0x00000000d5ea0000,0x00000000d5f00000)
  to   space 1536K, 0% used [0x00000000d5c00000,0x00000000d5c00000,0x00000000d5d80000)
 ParOldGen       total 351744K, used 228796K [0x0000000080000000, 0x0000000095780000, 0x00000000d5580000)
  object space 351744K, 65% used [0x0000000080000000,0x000000008df6f248,0x0000000095780000)
 Metaspace       used 86767K, committed 88576K, reserved 1179648K
  class space    used 10031K, committed 10816K, reserved 1048576K
}
Event: 99.112 GC heap after
{Heap after GC invocations=513 (full 4):
 PSYoungGen      total 6656K, used 416K [0x00000000d5580000, 0x00000000d5e00000, 0x0000000100000000)
  eden space 6144K, 0% used [0x00000000d5580000,0x00000000d5580000,0x00000000d5b80000)
  from space 512K, 81% used [0x00000000d5c00000,0x00000000d5c68000,0x00000000d5c80000)
  to   space 1024K, 0% used [0x00000000d5d00000,0x00000000d5d00000,0x00000000d5e00000)
 ParOldGen       total 351744K, used 229716K [0x0000000080000000, 0x0000000095780000, 0x00000000d5580000)
  object space 351744K, 65% used [0x0000000080000000,0x000000008e055010,0x0000000095780000)
 Metaspace       used 86767K, committed 88576K, reserved 1179648K
  class space    used 10031K, committed 10816K, reserved 1048576K
}
Event: 99.155 GC heap before
{Heap before GC invocations=514 (full 4):
 PSYoungGen      total 6656K, used 6560K [0x00000000d5580000, 0x00000000d5e00000, 0x0000000100000000)
  eden space 6144K, 100% used [0x00000000d5580000,0x00000000d5b80000,0x00000000d5b80000)
  from space 512K, 81% used [0x00000000d5c00000,0x00000000d5c68000,0x00000000d5c80000)
  to   space 1024K, 0% used [0x00000000d5d00000,0x00000000d5d00000,0x00000000d5e00000)
 ParOldGen       total 351744K, used 229716K [0x0000000080000000, 0x0000000095780000, 0x00000000d5580000)
  object space 351744K, 65% used [0x0000000080000000,0x000000008e055010,0x0000000095780000)
 Metaspace       used 86776K, committed 88576K, reserved 1179648K
  class space    used 10032K, committed 10816K, reserved 1048576K
}
Event: 99.156 GC heap after
{Heap after GC invocations=514 (full 4):
 PSYoungGen      total 7168K, used 1024K [0x00000000d5580000, 0x00000000d5e80000, 0x0000000100000000)
  eden space 6144K, 0% used [0x00000000d5580000,0x00000000d5580000,0x00000000d5b80000)
  from space 1024K, 100% used [0x00000000d5d00000,0x00000000d5e00000,0x00000000d5e00000)
  to   space 1536K, 0% used [0x00000000d5b80000,0x00000000d5b80000,0x00000000d5d00000)
 ParOldGen       total 351744K, used 229780K [0x0000000080000000, 0x0000000095780000, 0x00000000d5580000)
  object space 351744K, 65% used [0x0000000080000000,0x000000008e065010,0x0000000095780000)
 Metaspace       used 86776K, committed 88576K, reserved 1179648K
  class space    used 10032K, committed 10816K, reserved 1048576K
}

