# JRE version: OpenJDK Runtime Environment Temurin-21.0.9+10 (21.0.9+10) (build 21.0.9+10-LTS)
# Java VM: OpenJDK 64-Bit Server VM Temurin-21.0.9+10 (21.0.9+10-LTS, mixed mode, sharing, tiered, compressed oops, compressed class ptrs, parallel gc, windows-amd64)
GC Precious Log:
 CardTable entry size: 512
 CPUs: 12 total, 12 available
 Memory: 32619M
 Large Page Support: Disabled
 NUMA Support: Disabled
 Compressed Oops: Enabled (32-bit)
 Alignments: Space 512K, Generation 512K, Heap 2M
 Heap Min Capacity: 100M
 Heap Initial Capacity: 100M
 Heap Max Capacity: 2G
 Pre-touch: Disabled
 Parallel Workers: 10
Heap:
 PSYoungGen      total 9216K, used 5138K [0x00000000d5580000, 0x00000000d6280000, 0x0000000100000000)
  eden space 8704K, 53% used [0x00000000d5580000,0x00000000d5a04848,0x00000000d5e00000)
  from space 512K, 100% used [0x00000000d6200000,0x00000000d6280000,0x00000000d6280000)
  to   space 2048K, 0% used [0x00000000d5e80000,0x00000000d5e80000,0x00000000d6080000)
 ParOldGen       total 601088K, used 592460K [0x0000000080000000, 0x00000000a4b00000, 0x00000000d5580000)
  object space 601088K, 98% used [0x0000000080000000,0x00000000a4293228,0x00000000a4b00000)
 Metaspace       used 83201K, committed 84608K, reserved 1179648K
  class space    used 8817K, committed 9472K, reserved 1048576K
GC Heap History (20 events):
Event: 16592.704 GC heap before
{Heap before GC invocations=4632 (full 24):
 PSYoungGen      total 6656K, used 6112K [0x00000000d5580000, 0x00000000d5d80000, 0x0000000100000000)
  eden space 5120K, 100% used [0x00000000d5580000,0x00000000d5a80000,0x00000000d5a80000)
  from space 1536K, 64% used [0x00000000d5c00000,0x00000000d5cf8000,0x00000000d5d80000)
  to   space 1536K, 0% used [0x00000000d5a80000,0x00000000d5a80000,0x00000000d5c00000)
 ParOldGen       total 601088K, used 581680K [0x0000000080000000, 0x00000000a4b00000, 0x00000000d5580000)
  object space 601088K, 96% used [0x0000000080000000,0x00000000a380c058,0x00000000a4b00000)
 Metaspace       used 83193K, committed 84608K, reserved 1179648K
  class space    used 8817K, committed 9472K, reserved 1048576K
}
Event: 16592.706 GC heap after
{Heap after GC invocations=4632 (full 24):
 PSYoungGen      total 6656K, used 1408K [0x00000000d5580000, 0x00000000d5e80000, 0x0000000100000000)
  eden space 5120K, 0% used [0x00000000d5580000,0x00000000d5580000,0x00000000d5a80000)
  from space 1536K, 91% used [0x00000000d5a80000,0x00000000d5be0010,0x00000000d5c00000)
  to   space 1536K, 0% used [0x00000000d5d00000,0x00000000d5d00000,0x00000000d5e80000)
 ParOldGen       total 601088K, used 582496K [0x0000000080000000, 0x00000000a4b00000, 0x00000000d5580000)
  object space 601088K, 96% used [0x0000000080000000,0x00000000a38d8058,0x00000000a4b00000)
 Metaspace       used 83193K, committed 84608K, reserved 1179648K
  class space    used 8817K, committed 9472K, reserved 1048576K
}
Event: 16592.713 GC heap before
{Heap before GC invocations=4633 (full 24):
 PSYoungGen      total 6656K, used 6528K [0x00000000d5580000, 0x00000000d5e80000, 0x0000000100000000)
  eden space 5120K, 100% used [0x00000000d5580000,0x00000000d5a80000,0x00000000d5a80000)
  from space 1536K, 91% used [0x00000000d5a80000,0x00000000d5be0010,0x00000000d5c00000)
  to   space 1536K, 0% used [0x00000000d5d00000,0x00000000d5d00000,0x00000000d5e80000)
 ParOldGen       total 601088K, used 582496K [0x0000000080000000, 0x00000000a4b00000, 0x00000000d5580000)
  object space 601088K, 96% used [0x0000000080000000,0x00000000a38d8058,0x00000000a4b00000)
 Metaspace       used 83193K, committed 84608K, reserved 1179648K
  class space    used 8817K, committed 9472K, reserved 1048576K
}
Event: 16592.715 GC heap after
{Heap after GC invocations=4633 (full 24):
 PSYoungGen      total 7680K, used 1344K [0x00000000d5580000, 0x00000000d5e80000, 0x0000000100000000)
  eden space 6144K, 0% used [0x00000000d5580000,0x00000000d5580000,0x00000000d5b80000)
  from space 1536K, 87% used [0x00000000d5d00000,0x00000000d5e50010,0x00000000d5e80000)
  to   space 1536K, 0% used [0x00000000d5b80000,0x00000000d5b80000,0x00000000d5d00000)
 ParOldGen       total 601088K, used 583644K [0x0000000080000000, 0x00000000a4b00000, 0x00000000d5580000)
  object space 601088K, 97% used [0x0000000080000000,0x00000000a39f7078,0x00000000a4b00000)
 Metaspace       used 83193K, committed 84608K, reserved 1179648K
  class space    used 8817K, committed 9472K, reserved 1048576K
}
Event: 16592.728 GC heap before
{Heap before GC invocations=4634 (full 24):
 PSYoungGen      total 7680K, used 7488K [0x00000000d5580000, 0x00000000d5e80000, 0x0000000100000000)
  eden space 6144K, 100% used [0x00000000d5580000,0x00000000d5b80000,0x00000000d5b80000)
  from space 1536K, 87% used [0x00000000d5d00000,0x00000000d5e50010,0x00000000d5e80000)
  to   space 1536K, 0% used [0x00000000d5b80000,0x00000000d5b80000,0x00000000d5d00000)
 ParOldGen       total 601088K, used 583644K [0x0000000080000000, 0x00000000a4b00000, 0x00000000d5580000)
  object space 601088K, 97% used [0x0000000080000000,0x00000000a39f7078,0x00000000a4b00000)
 Metaspace       used 83193K, committed 84608K, reserved 1179648K
  class space    used 8817K, committed 9472K, reserved 1048576K
}
Event: 16592.730 GC heap after
{Heap after GC invocations=4634 (full 24):
 PSYoungGen      total 7680K, used 928K [0x00000000d5580000, 0x00000000d5f80000, 0x0000000100000000)
  eden space 6144K, 0% used [0x00000000d5580000,0x00000000d5580000,0x00000000d5b80000)
  from space 1536K, 60% used [0x00000000d5b80000,0x00000000d5c68000,0x00000000d5d00000)
  to   space 1536K, 0% used [0x00000000d5e00000,0x00000000d5e00000,0x00000000d5f80000)
 ParOldGen       total 601088K, used 584860K [0x0000000080000000, 0x00000000a4b00000, 0x00000000d5580000)
  object space 601088K, 97% used [0x0000000080000000,0x00000000a3b27088,0x00000000a4b00000)
 Metaspace       used 83193K, committed 84608K, reserved 1179648K
  class space    used 8817K, committed 9472K, reserved 1048576K
}
Event: 16592.741 GC heap before
{Heap before GC invocations=4635 (full 24):
 PSYoungGen      total 7680K, used 7072K [0x00000000d5580000, 0x00000000d5f80000, 0x0000000100000000)
  eden space 6144K, 100% used [0x00000000d5580000,0x00000000d5b80000,0x00000000d5b80000)
  from space 1536K, 60% used [0x00000000d5b80000,0x00000000d5c68000,0x00000000d5d00000)
  to   space 1536K, 0% used [0x00000000d5e00000,0x00000000d5e00000,0x00000000d5f80000)
 ParOldGen       total 601088K, used 584860K [0x0000000080000000, 0x00000000a4b00000, 0x00000000d5580000)
  object space 601088K, 97% used [0x0000000080000000,0x00000000a3b27088,0x00000000a4b00000)
 Metaspace       used 83193K, committed 84608K, reserved 1179648K
  class space    used 8817K, committed 9472K, reserved 1048576K
}
Event: 16592.743 GC heap after
{Heap after GC invocations=4635 (full 24):
 PSYoungGen      total 8192K, used 855K [0x00000000d5580000, 0x00000000d5f00000, 0x0000000100000000)
  eden space 7168K, 0% used [0x00000000d5580000,0x00000000d5580000,0x00000000d5c80000)
  from space 1024K, 83% used [0x00000000d5e00000,0x00000000d5ed5dd0,0x00000000d5f00000)
  to   space 1024K, 0% used [0x00000000d5d00000,0x00000000d5d00000,0x00000000d5e00000)
 ParOldGen       total 601088K, used 585404K [0x0000000080000000, 0x00000000a4b00000, 0x00000000d5580000)
  object space 601088K, 97% used [0x0000000080000000,0x00000000a3baf088,0x00000000a4b00000)
 Metaspace       used 83193K, committed 84608K, reserved 1179648K
  class space    used 8817K, committed 9472K, reserved 1048576K
}
Event: 16592.773 GC heap before
{Heap before GC invocations=4636 (full 24):
 PSYoungGen      total 8192K, used 8023K [0x00000000d5580000, 0x00000000d5f00000, 0x0000000100000000)
  eden space 7168K, 100% used [0x00000000d5580000,0x00000000d5c80000,0x00000000d5c80000)
  from space 1024K, 83% used [0x00000000d5e00000,0x00000000d5ed5dd0,0x00000000d5f00000)
  to   space 1024K, 0% used [0x00000000d5d00000,0x00000000d5d00000,0x00000000d5e00000)
 ParOldGen       total 601088K, used 585404K [0x0000000080000000, 0x00000000a4b00000, 0x00000000d5580000)
  object space 601088K, 97% used [0x0000000080000000,0x00000000a3baf088,0x00000000a4b00000)
 Metaspace       used 83194K, committed 84608K, reserved 1179648K
  class space    used 8817K, committed 9472K, reserved 1048576K
}
Event: 16592.775 GC heap after
{Heap after GC invocations=4636 (full 24):
 PSYoungGen      total 8704K, used 1003K [0x00000000d5580000, 0x00000000d6380000, 0x0000000100000000)
  eden space 7680K, 0% used [0x00000000d5580000,0x00000000d5580000,0x00000000d5d00000)
  from space 1024K, 98% used [0x00000000d5d00000,0x00000000d5dfae80,0x00000000d5e00000)
  to   space 3072K, 0% used [0x00000000d6080000,0x00000000d6080000,0x00000000d6380000)
 ParOldGen       total 601088K, used 586833K [0x0000000080000000, 0x00000000a4b00000, 0x00000000d5580000)
  object space 601088K, 97% used [0x0000000080000000,0x00000000a3d14758,0x00000000a4b00000)
 Metaspace       used 83194K, committed 84608K, reserved 1179648K
  class space    used 8817K, committed 9472K, reserved 1048576K
}
Event: 16592.807 GC heap before
{Heap before GC invocations=4637 (full 24):
 PSYoungGen      total 8704K, used 8683K [0x00000000d5580000, 0x00000000d6380000, 0x0000000100000000)
  eden space 7680K, 100% used [0x00000000d5580000,0x00000000d5d00000,0x00000000d5d00000)
  from space 1024K, 98% used [0x00000000d5d00000,0x00000000d5dfae80,0x00000000d5e00000)
  to   space 3072K, 0% used [0x00000000d6080000,0x00000000d6080000,0x00000000d6380000)
 ParOldGen       total 601088K, used 586833K [0x0000000080000000, 0x00000000a4b00000, 0x00000000d5580000)
  object space 601088K, 97% used [0x0000000080000000,0x00000000a3d14758,0x00000000a4b00000)
 Metaspace       used 83194K, committed 84608K, reserved 1179648K
  class space    used 8817K, committed 9472K, reserved 1048576K
}
Event: 16592.809 GC heap after
{Heap after GC invocations=4637 (full 24):
 PSYoungGen      total 11264K, used 1897K [0x00000000d5580000, 0x00000000d6300000, 0x0000000100000000)
  eden space 8704K, 0% used [0x00000000d5580000,0x00000000d5580000,0x00000000d5e00000)
  from space 2560K, 74% used [0x00000000d6080000,0x00000000d625a7c0,0x00000000d6300000)
  to   space 2560K, 0% used [0x00000000d5e00000,0x00000000d5e00000,0x00000000d6080000)
 ParOldGen       total 601088K, used 587873K [0x0000000080000000, 0x00000000a4b00000, 0x00000000d5580000)
  object space 601088K, 97% used [0x0000000080000000,0x00000000a3e18478,0x00000000a4b00000)
 Metaspace       used 83194K, committed 84608K, reserved 1179648K
  class space    used 8817K, committed 9472K, reserved 1048576K
}
Event: 16592.863 GC heap before
{Heap before GC invocations=4638 (full 24):
 PSYoungGen      total 11264K, used 10591K [0x00000000d5580000, 0x00000000d6300000, 0x0000000100000000)
  eden space 8704K, 99% used [0x00000000d5580000,0x00000000d5dfd828,0x00000000d5e00000)
  from space 2560K, 74% used [0x00000000d6080000,0x00000000d625a7c0,0x00000000d6300000)
  to   space 2560K, 0% used [0x00000000d5e00000,0x00000000d5e00000,0x00000000d6080000)
 ParOldGen       total 601088K, used 587873K [0x0000000080000000, 0x00000000a4b00000, 0x00000000d5580000)
  object space 601088K, 97% used [0x0000000080000000,0x00000000a3e18478,0x00000000a4b00000)
 Metaspace       used 83194K, committed 84608K, reserved 1179648K
  class space    used 8817K, committed 9472K, reserved 1048576K
}
Event: 16592.870 GC heap after
{Heap after GC invocations=4638 (full 24):
 PSYoungGen      total 11264K, used 2160K [0x00000000d5580000, 0x00000000d6480000, 0x0000000100000000)
  eden space 8704K, 0% used [0x00000000d5580000,0x00000000d5580000,0x00000000d5e00000)
  from space 2560K, 84% used [0x00000000d5e00000,0x00000000d601c050,0x00000000d6080000)
  to   space 2560K, 0% used [0x00000000d6200000,0x00000000d6200000,0x00000000d6480000)
 ParOldGen       total 601088K, used 589519K [0x0000000080000000, 0x00000000a4b00000, 0x00000000d5580000)
  object space 601088K, 98% used [0x0000000080000000,0x00000000a3fb3c40,0x00000000a4b00000)
 Metaspace       used 83194K, committed 84608K, reserved 1179648K
  class space    used 8817K, committed 9472K, reserved 1048576K
}
Event: 16682.067 GC heap before
{Heap before GC invocations=4639 (full 24):
 PSYoungGen      total 11264K, used 10864K [0x00000000d5580000, 0x00000000d6480000, 0x0000000100000000)
  eden space 8704K, 100% used [0x00000000d5580000,0x00000000d5e00000,0x00000000d5e00000)
  from space 2560K, 84% used [0x00000000d5e00000,0x00000000d601c050,0x00000000d6080000)
  to   space 2560K, 0% used [0x00000000d6200000,0x00000000d6200000,0x00000000d6480000)
 ParOldGen       total 601088K, used 589519K [0x0000000080000000, 0x00000000a4b00000, 0x00000000d5580000)
  object space 601088K, 98% used [0x0000000080000000,0x00000000a3fb3c40,0x00000000a4b00000)
 Metaspace       used 83194K, committed 84608K, reserved 1179648K
  class space    used 8817K, committed 9472K, reserved 1048576K
}
Event: 16682.070 GC heap after
{Heap after GC invocations=4639 (full 24):
 PSYoungGen      total 10752K, used 1560K [0x00000000d5580000, 0x00000000d6400000, 0x0000000100000000)
  eden space 8704K, 0% used [0x00000000d5580000,0x00000000d5580000,0x00000000d5e00000)
  from space 2048K, 76% used [0x00000000d6200000,0x00000000d6386138,0x00000000d6400000)
  to   space 2048K, 0% used [0x00000000d6000000,0x00000000d6000000,0x00000000d6200000)
 ParOldGen       total 601088K, used 591332K [0x0000000080000000, 0x00000000a4b00000, 0x00000000d5580000)
  object space 601088K, 98% used [0x0000000080000000,0x00000000a4179168,0x00000000a4b00000)
 Metaspace       used 83194K, committed 84608K, reserved 1179648K
  class space    used 8817K, committed 9472K, reserved 1048576K
}
Event: 17136.563 GC heap before
{Heap before GC invocations=4640 (full 24):
 PSYoungGen      total 10752K, used 10264K [0x00000000d5580000, 0x00000000d6400000, 0x0000000100000000)
  eden space 8704K, 100% used [0x00000000d5580000,0x00000000d5e00000,0x00000000d5e00000)
  from space 2048K, 76% used [0x00000000d6200000,0x00000000d6386138,0x00000000d6400000)
  to   space 2048K, 0% used [0x00000000d6000000,0x00000000d6000000,0x00000000d6200000)
 ParOldGen       total 601088K, used 591332K [0x0000000080000000, 0x00000000a4b00000, 0x00000000d5580000)
  object space 601088K, 98% used [0x0000000080000000,0x00000000a4179168,0x00000000a4b00000)
 Metaspace       used 83195K, committed 84608K, reserved 1179648K
  class space    used 8817K, committed 9472K, reserved 1048576K
}
Event: 17136.566 GC heap after
{Heap after GC invocations=4640 (full 24):
 PSYoungGen      total 10752K, used 1896K [0x00000000d5580000, 0x00000000d6280000, 0x0000000100000000)
  eden space 8704K, 0% used [0x00000000d5580000,0x00000000d5580000,0x00000000d5e00000)
  from space 2048K, 92% used [0x00000000d6000000,0x00000000d61da168,0x00000000d6200000)
  to   space 512K, 0% used [0x00000000d6200000,0x00000000d6200000,0x00000000d6280000)
 ParOldGen       total 601088K, used 591332K [0x0000000080000000, 0x00000000a4b00000, 0x00000000d5580000)
  object space 601088K, 98% used [0x0000000080000000,0x00000000a4179168,0x00000000a4b00000)
 Metaspace       used 83195K, committed 84608K, reserved 1179648K
  class space    used 8817K, committed 9472K, reserved 1048576K
}
Event: 17286.025 GC heap before
{Heap before GC invocations=4641 (full 24):
 PSYoungGen      total 10752K, used 10600K [0x00000000d5580000, 0x00000000d6280000, 0x0000000100000000)
  eden space 8704K, 100% used [0x00000000d5580000,0x00000000d5e00000,0x00000000d5e00000)
  from space 2048K, 92% used [0x00000000d6000000,0x00000000d61da168,0x00000000d6200000)
  to   space 512K, 0% used [0x00000000d6200000,0x00000000d6200000,0x00000000d6280000)
 ParOldGen       total 601088K, used 591332K [0x0000000080000000, 0x00000000a4b00000, 0x00000000d5580000)
  object space 601088K, 98% used [0x0000000080000000,0x00000000a4179168,0x00000000a4b00000)
 Metaspace       used 83196K, committed 84608K, reserved 1179648K
  class space    used 8817K, committed 9472K, reserved 1048576K
}
Event: 17286.031 GC heap after
{Heap after GC invocations=4641 (full 24):
 PSYoungGen      total 9216K, used 512K [0x00000000d5580000, 0x00000000d6280000, 0x0000000100000000)
  eden space 8704K, 0% used [0x00000000d5580000,0x00000000d5580000,0x00000000d5e00000)
  from space 512K, 100% used [0x00000000d6200000,0x00000000d6280000,0x00000000d6280000)
  to   space 2048K, 0% used [0x00000000d5e80000,0x00000000d5e80000,0x00000000d6080000)
 ParOldGen       total 601088K, used 592460K [0x0000000080000000, 0x00000000a4b00000, 0x00000000d5580000)
  object space 601088K, 98% used [0x0000000080000000,0x00000000a4293228,0x00000000a4b00000)
 Metaspace       used 83196K, committed 84608K, reserved 1179648K
  class space    used 8817K, committed 9472K, reserved 1048576K
}

